Catatan/app/build/intermediates/manifest_merge_blame_file/debug/manifest-merger-blame-debug-report.txt
1<?xml version="1.0" encoding="utf-8"?>
2<manifest xmlns:android="http://schemas.android.com/apk/res/android"
3    package="com.uti.catatan"
4    android:versionCode="1"
5    android:versionName="1.0" >
6
7    <uses-sdk
8        android:minSdkVersion="21"
8-->src/main/AndroidManifest.xml
9        android:targetSdkVersion="31" />
9-->src/main/AndroidManifest.xml
10
11    <uses-permission android:name="android.permission.ACCESS_NETWORK_STATE" />
11-->[io.realm:realm-android-library-object-server:5.1.0] AndroidManifest.xml:10:5-79
11-->[io.realm:realm-android-library-object-server:5.1.0] AndroidManifest.xml:10:22-76
12    <uses-permission android:name="android.permission.INTERNET" />
12-->[io.realm:realm-android-library-object-server:5.1.0] AndroidManifest.xml:11:5-67
12-->[io.realm:realm-android-library-object-server:5.1.0] AndroidManifest.xml:11:22-64
13
14    <application
14-->src/main/AndroidManifest.xml:5:5-23:19
15        android:allowBackup="true"
15-->src/main/AndroidManifest.xml:6:9-35
16        android:appComponentFactory="androidx.core.app.CoreComponentFactory"
16-->[androidx.core:core:1.1.0] AndroidManifest.xml:24:18-86
17        android:debuggable="true"
18        android:icon="@mipmap/ic_launcher"
18-->src/main/AndroidManifest.xml:7:9-43
19        android:label="@string/app_name"
19-->src/main/AndroidManifest.xml:8:9-41
20        android:roundIcon="@mipmap/ic_launcher_round"
20-->src/main/AndroidManifest.xml:9:9-54
21        android:supportsRtl="true"
21-->src/main/AndroidManifest.xml:10:9-35
22        android:testOnly="true"
23        android:theme="@style/AppTheme" >
23-->src/main/AndroidManifest.xml:11:9-40
24        <activity
24-->src/main/AndroidManifest.xml:12:9-20:20
25            android:name="com.uti.catatan.activities.MainActivity"
25-->src/main/AndroidManifest.xml:13:13-52
26            android:exported="true" >
26-->src/main/AndroidManifest.xml:14:13-36
27            <intent-filter>
27-->src/main/AndroidManifest.xml:15:13-19:29
28                <action android:name="android.intent.action.MAIN" />
28-->src/main/AndroidManifest.xml:16:17-69
28-->src/main/AndroidManifest.xml:16:25-66
29
30                <category android:name="android.intent.category.LAUNCHER" />
30-->src/main/AndroidManifest.xml:18:17-77
30-->src/main/AndroidManifest.xml:18:27-74
31            </intent-filter>
32        </activity>
33        <activity android:name="com.uti.catatan.activities.TambahDataActivity" />
33-->src/main/AndroidManifest.xml:21:9-67
33-->src/main/AndroidManifest.xml:21:19-64
34        <activity android:name="com.uti.catatan.activities.UpdateDataActivity" />
34-->src/main/AndroidManifest.xml:22:9-67
34-->src/main/AndroidManifest.xml:22:19-64
35    </application>
36
37</manifest>